22:26:56,907 ERROR - Готова !
22:26:57,221  INFO - Готова начальника!
22:27:42,340 ERROR - Готова !
22:27:42,687  INFO - Готова начальника!
22:29:12,339 ERROR - Готова !
22:29:12,682  INFO - Готова начальника!
02-16-2020 22:31:10 LoginPageTest.java ERROR [main] MAIL.LoginPageTest 36 - Готова !
02-16-2020 22:31:10 LoginPageTest.java INFO  [main] MAIL.LoginPageTest 54 - Готова начальника!
02-16-2020 22:31:59 LoginPageTest.java ERROR [main] MAIL.LoginPageTest 36 - 3Готова !
02-16-2020 22:31:59 LoginPageTest.java INFO  [main] MAIL.LoginPageTest 54 - 3Готова начальника!
02-17-2020 11:53:51 LoginPageTest.java ERROR [main] MAIL.LoginPageTest 36 - 3Готова !
02-17-2020 11:53:52 LoginPageTest.java INFO  [main] MAIL.LoginPageTest 54 - 3Готова начальника!
02-17-2020 12:01:48 LoginPageTest.java ERROR [main] MAIL.LoginPageTest 35 - Готова !
02-17-2020 12:01:49 LoginPageTest.java INFO  [main] MAIL.LoginPageTest 52 - 3Готова начальника!
02-17-2020 13:35:52 LoginPageTest.java ERROR [main] MAIL.LoginPageTest 35 - Готова !
02-17-2020 13:35:52 LoginPageTest.java INFO  [main] MAIL.LoginPageTest 52 - 3Готова начальника!
02-17-2020 16:24:52 LoginPageTest.java ERROR [main] MAIL.LoginPageTest 33 - Готова !
02-17-2020 16:24:52 LoginPageTest.java INFO  [main] MAIL.LoginPageTest 50 - 3Готова начальника!
02-17-2020 17:04:09 LoginPageTest.java ERROR [main] MAIL.LoginPageTest 33 - Готова !
02-17-2020 17:04:09 LoginPageTest.java INFO  [main] MAIL.LoginPageTest 50 - 3Готова начальника!
